16:42:42: main (74): [+] Beginning Prntskr34m
16:42:42: screenshot (58): Taking screenshot
16:42:43: screenshot (58): Taking screenshot
16:42:44: screenshot (58): Taking screenshot
16:46:15: main (76): [+] Beginning Prntskr34m
16:46:15: screenshot (58): [::] Taking screenshot
16:46:15: screenshot (65): [::] Saving image 2021-10-30_164615.png...
16:46:15: screenshot (67): [::] Copying to screenshots
16:46:16: screenshot (58): [::] Taking screenshot
16:46:16: screenshot (65): [::] Saving image 2021-10-30_164616.png...
16:46:16: screenshot (67): [::] Copying to screenshots
16:46:17: screenshot (58): [::] Taking screenshot
16:46:17: screenshot (65): [::] Saving image 2021-10-30_164617.png...
16:46:17: screenshot (67): [::] Copying to screenshots
17:18:08: main (74): [+] Beginning Prntskr34m
17:18:08: screenshot (61): [::] Taking screenshot
17:18:08: screenshot (66): [::] Saving image 2021-10-30_171808.png...
17:18:08: move_hide (47): [::] Copying to screenshots
17:18:10: screenshot (61): [::] Taking screenshot
17:18:10: screenshot (66): [::] Saving image 2021-10-30_171810.png...
17:18:10: move_hide (47): [::] Copying to screenshots
17:18:11: screenshot (61): [::] Taking screenshot
17:18:11: screenshot (66): [::] Saving image 2021-10-30_171811.png...
17:18:11: move_hide (47): [::] Copying to screenshots
17:19:34: main (74): [+] Beginning Prntskr34m
17:19:34: screenshot (61): [::] Taking screenshot
17:19:34: screenshot (66): [::] Saving image 2021-10-30_171934.png...
17:19:34: move_hide (47): [::] Copying to .\screenshots
17:19:35: screenshot (61): [::] Taking screenshot
17:19:35: screenshot (66): [::] Saving image 2021-10-30_171935.png...
17:19:35: move_hide (47): [::] Copying to .\screenshots
17:19:36: screenshot (61): [::] Taking screenshot
17:19:36: screenshot (66): [::] Saving image 2021-10-30_171936.png...
17:19:36: move_hide (47): [::] Copying to .\screenshots
17:20:48: main (75): [+] Beginning Prntskr34m
17:20:48: screenshot (61): [::] Taking screenshot
17:20:48: screenshot (67): [::] Saving image 2021-10-30_172048.png...
17:20:48: move_hide (47): [::] Copying to .\screenshots
17:20:49: screenshot (61): [::] Taking screenshot
17:20:49: screenshot (67): [::] Saving image 2021-10-30_172049.png...
17:20:49: move_hide (47): [::] Copying to .\screenshots
17:20:51: screenshot (61): [::] Taking screenshot
17:20:51: screenshot (67): [::] Saving image 2021-10-30_172051.png...
17:20:51: move_hide (47): [::] Copying to .\screenshots
17:21:10: main (75): [+] Beginning Prntskr34m
17:21:10: screenshot (61): [::] Taking screenshot
17:21:10: screenshot (67): [::] Saving image 2021-10-30_172110.png...
17:21:10: move_hide (47): [::] Copying to .\screenshots
17:21:11: screenshot (61): [::] Taking screenshot
17:21:11: screenshot (67): [::] Saving image 2021-10-30_172111.png...
17:21:11: move_hide (47): [::] Copying to .\screenshots
17:21:12: screenshot (61): [::] Taking screenshot
17:21:13: screenshot (67): [::] Saving image 2021-10-30_172113.png...
17:21:13: move_hide (47): [::] Copying to .\screenshots
17:21:36: main (75): [+] Beginning Prntskr34m
17:21:36: screenshot (61): [::] Taking screenshot
17:21:36: screenshot (67): [::] Saving image 2021-10-30_172136.png...
17:21:36: move_hide (47): [::] Copying2021-10-30_172136.png to .\screenshots
17:21:37: screenshot (61): [::] Taking screenshot
17:21:37: screenshot (67): [::] Saving image 2021-10-30_172137.png...
17:21:37: move_hide (47): [::] Copying2021-10-30_172137.png to .\screenshots
17:21:39: screenshot (61): [::] Taking screenshot
17:21:39: screenshot (67): [::] Saving image 2021-10-30_172139.png...
17:21:39: move_hide (47): [::] Copying2021-10-30_172139.png to .\screenshots
17:21:45: main (75): [+] Beginning Prntskr34m
17:21:45: screenshot (61): [::] Taking screenshot
17:21:45: screenshot (67): [::] Saving image 2021-10-30_172145.png...
17:21:45: move_hide (47): [::] Copying 2021-10-30_172145.png to .\screenshots
17:21:46: screenshot (61): [::] Taking screenshot
17:21:46: screenshot (67): [::] Saving image 2021-10-30_172146.png...
17:21:46: move_hide (47): [::] Copying 2021-10-30_172146.png to .\screenshots
17:21:47: screenshot (61): [::] Taking screenshot
17:21:47: screenshot (67): [::] Saving image 2021-10-30_172147.png...
17:21:47: move_hide (47): [::] Copying 2021-10-30_172147.png to .\screenshots
17:25:20: main (75): [+] Beginning Prntskr34m
17:25:20: screenshot (61): [::] Taking screenshot
17:25:20: screenshot (67): [::] Saving image 2021-10-30_172520.png...
17:25:20: move_hide (47): [::] Copying 2021-10-30_172520.png to .\screenshots
17:25:21: screenshot (61): [::] Taking screenshot
17:25:21: screenshot (67): [::] Saving image 2021-10-30_172521.png...
17:25:21: move_hide (47): [::] Copying 2021-10-30_172521.png to .\screenshots
17:25:23: screenshot (61): [::] Taking screenshot
17:25:23: screenshot (67): [::] Saving image 2021-10-30_172523.png...
17:25:23: move_hide (47): [::] Copying 2021-10-30_172523.png to .\screenshots
17:27:29: main (76): [+] Beginning Prntskr34m
17:27:29: screenshot (61): [::] Taking screenshot
17:27:29: screenshot (67): [::] Saving image 2021-10-30_172729.png...
17:27:29: move_hide (47): [::] Copying 2021-10-30_172729.png to .\screenshots
17:27:30: screenshot (61): [::] Taking screenshot
17:27:30: screenshot (67): [::] Saving image 2021-10-30_172730.png...
17:27:30: move_hide (47): [::] Copying 2021-10-30_172730.png to .\screenshots
17:27:31: screenshot (61): [::] Taking screenshot
17:27:31: screenshot (67): [::] Saving image 2021-10-30_172731.png...
17:27:31: move_hide (47): [::] Copying 2021-10-30_172731.png to .\screenshots
17:37:33: main (68): [+] Beginning Prntskr34m
17:37:46: main (68): [+] Beginning Prntskr34m
17:37:59: main (68): [+] Beginning Prntskr34m
17:38:54: main (46): [+] Beginning Prntskr34m
17:46:33: main (49): [+] Beginning Prntskr34m
17:46:40: main (49): [+] Beginning Prntskr34m
17:50:03: main (49): [-] Checking for mss...
17:50:03: main (56): [+] Beginning Prntskr34m
